[HTopMultilep-00-01-08-24-g02c6ead] xAH_run.py --files ../../filelists/20160425_PeriodJ_282625_r7734.txt --inputList -f --config config_TurnOns.py --treeName outTree --submitDir hist-20160425_PeriodJ_282625_r7734_WithChristianCuts --isMC direct
Code:  https://github.com/UCATLAS/xAODAnaHelpers/tree/02c6ead
Start: May 17 2016 14:43:32
Stop:  May 17 2016 15:04:52
Delta: 0:21:19.943860

job runner options
	input_filename                                      = ['../../filelists/20160425_PeriodJ_282625_r7734.txt']
	submit_dir                                          = hist-20160425_PeriodJ_282625_r7734_WithChristianCuts
	num_events                                          = 0
	skip_events                                         = 0
	force_overwrite                                     = True
	use_inputFileList                                   = True
	use_scanDQ2                                         = False
	verbose                                             = 0
	driver                                              = direct
<class 'ROOT.InputHandler'> algorithm options
	setting <class 'ROOT.InputHandler'>.m_doTriggerJetKinematics       = True
	setting <class 'ROOT.InputHandler'>.m_debugInExecute               = False
	setting <class 'ROOT.InputHandler'>.m_debug                        = True
	setting <class 'ROOT.InputHandler'>.m_doPTBalance                  = False
	setting <class 'ROOT.InputHandler'>.m_useEmulation                 = True
	setting <class 'ROOT.InputHandler'>.m_doMjjResponseTrigVsTruth     = False
	setting <class 'ROOT.InputHandler'>.m_doEtainBinsOfPt              = False
	setting <class 'ROOT.InputHandler'>.m_checkLArError                = True
	setting <class 'ROOT.InputHandler'>.m_doMjjResponseTrigVsOff       = False
	setting <class 'ROOT.InputHandler'>.m_doTruthJetKinematics         = False
	setting <class 'ROOT.InputHandler'>.m_doCleaning                   = False
	setting <class 'ROOT.InputHandler'>.m_TurnOnName                   = HLT_j25-HLT_j15; HLT_j60-HLT_j25; HLT_j110-HLT_j85; HLT_j360-HLT_j260; HLT_j380-HLT_j260; HLT_j400-HLT_j260; L1_J15-HLT_j15; L1_J20-HLT_j25; L1_J40-HLT_j25; L1_J40-HLT_j45; L1_J100-HLT_j85; HLT_j110-HLT_j45; HLT_3j175-HLT_j110; HLT_4j85-HLT_j85; HLT_6j45-HLT_j60; HLT_6j45-HLT_j45; L1_3J40-HLT_j60; L1_4J15-HLT_j45; HLT_j25_320eta490-HLT_j15_320eta490; HLT_j60_320eta490-HLT_j25_320eta490; L1_J15.31ETA49-HLT_j15_320eta490
	setting <class 'ROOT.InputHandler'>.m_doMHT                        = False
	setting <class 'ROOT.InputHandler'>.m_doMjjResponseOffVsTruth      = False
	setting <class 'ROOT.InputHandler'>.m_doTurnOns                    = True
	setting <class 'ROOT.InputHandler'>.m_name                         = MultijetAlgo
	setting <class 'ROOT.InputHandler'>.m_isData                       = True
	setting <class 'ROOT.InputHandler'>.m_useTriggerDecisionTool       = True
	setting <class 'ROOT.InputHandler'>.m_doOfflineTruthResponse       = False
	setting <class 'ROOT.InputHandler'>.m_doFracSamplingMax            = False
	setting <class 'ROOT.InputHandler'>.m_doLeadSubleadThirdJetKinematics = True
	setting <class 'ROOT.InputHandler'>.m_doTriggerOfflineResponse     = False
	setting <class 'ROOT.InputHandler'>.m_doOnlyThisNumberOfEvents     = -1
	setting <class 'ROOT.InputHandler'>.m_doEMFrac                     = False
	setting <class 'ROOT.InputHandler'>.m_doTriggerTruthResponse       = False
	setting <class 'ROOT.InputHandler'>.m_doKinematicsInBinsOfEta      = False
	setting <class 'ROOT.InputHandler'>.m_doDeltaPhi                   = False
	setting <class 'ROOT.InputHandler'>.m_doyStar                      = False
	setting <class 'ROOT.InputHandler'>.m_doHECFrac                    = False
	setting <class 'ROOT.InputHandler'>.m_TriggerName                  = STUDYALL; HLT_j25
	setting <class 'ROOT.InputHandler'>.m_useTriggerBeforePraescale    = False
	setting <class 'ROOT.InputHandler'>.m_doNthJetKinematics           = False
	setting <class 'ROOT.InputHandler'>.m_doMHTPhi                     = False
	setting <class 'ROOT.InputHandler'>.m_doCuts                       = False
	setting <class 'ROOT.InputHandler'>.m_doOfflineJetKinematics       = True
