[HTopMultilep-00-01-08-24-g02c6ead] xAH_run.py --files ../../filelists/MinBiasR7011.txt --inputList -f --config config_TurnOns.py --treeName outTree --submitDir hist-MinBiasR7011-NewTrigger --isMC direct
Code:  https://github.com/UCATLAS/xAODAnaHelpers/tree/02c6ead
Start: Apr 17 2016 12:28:07
Stop:  Apr 17 2016 12:29:24
Delta: 0:01:16.703878

job runner options
	input_filename                                      = ['../../filelists/MinBiasR7011.txt']
	submit_dir                                          = hist-MinBiasR7011-NewTrigger
	num_events                                          = 0
	skip_events                                         = 0
	force_overwrite                                     = True
	use_inputFileList                                   = True
	use_scanDQ2                                         = False
	verbose                                             = 0
	driver                                              = direct
<class 'ROOT.InputHandler'> algorithm options
	setting <class 'ROOT.InputHandler'>.m_doTriggerJetKinematics       = True
	setting <class 'ROOT.InputHandler'>.m_debugInExecute               = False
	setting <class 'ROOT.InputHandler'>.m_debug                        = True
	setting <class 'ROOT.InputHandler'>.m_doPTBalance                  = False
	setting <class 'ROOT.InputHandler'>.m_useEmulation                 = False
	setting <class 'ROOT.InputHandler'>.m_doMjjResponseTrigVsTruth     = False
	setting <class 'ROOT.InputHandler'>.m_doEtainBinsOfPt              = False
	setting <class 'ROOT.InputHandler'>.m_checkLArError                = False
	setting <class 'ROOT.InputHandler'>.m_doMjjResponseTrigVsOff       = False
	setting <class 'ROOT.InputHandler'>.m_doTruthJetKinematics         = False
	setting <class 'ROOT.InputHandler'>.m_doCleaning                   = False
	setting <class 'ROOT.InputHandler'>.m_TurnOnName                   = HLT_j25-HLT_j15; HLT_j60-HLT_j25; HLT_j110-HLT_j85; HLT_j360-HLT_j260; L1_J15-HLT_j15; L1_J20-HLT_j25; L1_J100-HLT_j85; HLT_3j175-HLT_j110; HLT_4j85-HLT_j85; HLT_6j45-HLT_j60; L1_3J40-HLT_j60; L1_4J15-HLT_j45
	setting <class 'ROOT.InputHandler'>.m_doMHT                        = False
	setting <class 'ROOT.InputHandler'>.m_doMjjResponseOffVsTruth      = False
	setting <class 'ROOT.InputHandler'>.m_doTurnOns                    = True
	setting <class 'ROOT.InputHandler'>.m_name                         = MultijetAlgo
	setting <class 'ROOT.InputHandler'>.m_isData                       = False
	setting <class 'ROOT.InputHandler'>.m_useTriggerDecisionTool       = True
	setting <class 'ROOT.InputHandler'>.m_doOfflineTruthResponse       = False
	setting <class 'ROOT.InputHandler'>.m_doFracSamplingMax            = False
	setting <class 'ROOT.InputHandler'>.m_doLeadSubleadThirdJetKinematics = False
	setting <class 'ROOT.InputHandler'>.m_doTriggerOfflineResponse     = False
	setting <class 'ROOT.InputHandler'>.m_doOnlyThisNumberOfEvents     = -1
	setting <class 'ROOT.InputHandler'>.m_doEMFrac                     = False
	setting <class 'ROOT.InputHandler'>.m_doTriggerTruthResponse       = False
	setting <class 'ROOT.InputHandler'>.m_doKinematicsInBinsOfEta      = False
	setting <class 'ROOT.InputHandler'>.m_doDeltaPhi                   = False
	setting <class 'ROOT.InputHandler'>.m_doyStar                      = False
	setting <class 'ROOT.InputHandler'>.m_doHECFrac                    = False
	setting <class 'ROOT.InputHandler'>.m_TriggerName                  = STUDYALL; HLT_j25; HLT_j60; HLT_j175; HLT_j360
	setting <class 'ROOT.InputHandler'>.m_useTriggerBeforePraescale    = False
	setting <class 'ROOT.InputHandler'>.m_doNthJetKinematics           = False
	setting <class 'ROOT.InputHandler'>.m_doMHTPhi                     = False
	setting <class 'ROOT.InputHandler'>.m_doCuts                       = False
	setting <class 'ROOT.InputHandler'>.m_doOfflineJetKinematics       = True
