[HTopMultilep-00-01-04-121-gb657653] xAH_run.py --files ../../filelists/JZWTest.txt --inputList -f --config config_MiniTree.py --treeName outTree --submitDir hist-results --isMC direct
Code:  https://github.com/UCATLAS/xAODAnaHelpers/tree/b657653
Start: Jan 28 2016 18:42:01
Stop:  Jan 28 2016 18:47:36
Delta: 0:05:35.033156

job runner options
	input_filename                                      = ['../../filelists/JZWTest.txt']
	submit_dir                                          = hist-results
	num_events                                          = 0
	skip_events                                         = 0
	force_overwrite                                     = True
	use_inputFileList                                   = True
	use_scanDQ2                                         = False
	verbose                                             = 0
	driver                                              = direct
<class 'ROOT.InputHandler'> algorithm options
	setting <class 'ROOT.InputHandler'>.m_doTriggerJetKinematics       = True
	setting <class 'ROOT.InputHandler'>.m_debugInExecute               = False
	setting <class 'ROOT.InputHandler'>.m_debug                        = False
	setting <class 'ROOT.InputHandler'>.m_doOfflineTruthResponse       = True
	setting <class 'ROOT.InputHandler'>.m_doTruthJetKinematics         = True
	setting <class 'ROOT.InputHandler'>.m_doMjjResponseAndResolution_TrigVsOff = False
	setting <class 'ROOT.InputHandler'>.m_name                         = MultijetAlgo
	setting <class 'ROOT.InputHandler'>.m_doEtainBinsOfPt              = False
	setting <class 'ROOT.InputHandler'>.m_doLeadSubleadThirdJetKinematics = True
	setting <class 'ROOT.InputHandler'>.m_doTriggerOfflineResponse     = True
	setting <class 'ROOT.InputHandler'>.m_doTriggerTruthResponse       = True
	setting <class 'ROOT.InputHandler'>.m_doKinematicsInBinsOfEta      = False
	setting <class 'ROOT.InputHandler'>.m_doOnlyThisNumberOfEvents     = -1
	setting <class 'ROOT.InputHandler'>.m_doOfflineJetKinematics       = True
