[HTopMultilep-00-01-08-24-g02c6ead] xAH_run.py --files ../../filelists/Data16_run300571.txt --inputList -f --config config_TurnOns_TLA.py --treeName outTree --submitDir hist-Data16_run300571 --isMC direct
Code:  https://github.com/UCATLAS/xAODAnaHelpers/tree/02c6ead
Start: Jun 16 2016 11:37:18
Stop:  Jun 16 2016 12:07:21
Delta: 0:30:03.246437

job runner options
	input_filename                                      = ['../../filelists/Data16_run300571.txt']
	submit_dir                                          = hist-Data16_run300571
	num_events                                          = 0
	skip_events                                         = 0
	force_overwrite                                     = True
	use_inputFileList                                   = True
	use_scanDQ2                                         = False
	verbose                                             = 0
	driver                                              = direct
<class 'ROOT.InputHandler'> algorithm options
	setting <class 'ROOT.InputHandler'>.m_doTriggerJetKinematics       = True
	setting <class 'ROOT.InputHandler'>.m_debugInExecute               = False
	setting <class 'ROOT.InputHandler'>.m_debug                        = True
	setting <class 'ROOT.InputHandler'>.m_doPTBalance                  = False
	setting <class 'ROOT.InputHandler'>.m_useEmulation                 = False
	setting <class 'ROOT.InputHandler'>.m_doMjjResponseTrigVsTruth     = False
	setting <class 'ROOT.InputHandler'>.m_doEtainBinsOfPt              = False
	setting <class 'ROOT.InputHandler'>.m_checkLArError                = True
	setting <class 'ROOT.InputHandler'>.m_doMjjResponseTrigVsOff       = False
	setting <class 'ROOT.InputHandler'>.m_doTruthJetKinematics         = False
	setting <class 'ROOT.InputHandler'>.m_doCleaning                   = False
	setting <class 'ROOT.InputHandler'>.m_TurnOnName                   = HLT_j0_1i2c200m8000TLA-L1_J100; HLT_j0_0i1c500m900TLA-L1_J100
	setting <class 'ROOT.InputHandler'>.m_doMHT                        = False
	setting <class 'ROOT.InputHandler'>.m_doMjjResponseOffVsTruth      = False
	setting <class 'ROOT.InputHandler'>.m_doTurnOns                    = True
	setting <class 'ROOT.InputHandler'>.m_name                         = MultijetAlgo
	setting <class 'ROOT.InputHandler'>.m_isData                       = True
	setting <class 'ROOT.InputHandler'>.m_useTriggerDecisionTool       = True
	setting <class 'ROOT.InputHandler'>.m_doOfflineTruthResponse       = False
	setting <class 'ROOT.InputHandler'>.m_doFracSamplingMax            = False
	setting <class 'ROOT.InputHandler'>.m_doLeadSubleadThirdJetKinematics = False
	setting <class 'ROOT.InputHandler'>.m_doTriggerOfflineResponse     = False
	setting <class 'ROOT.InputHandler'>.m_doOnlyThisNumberOfEvents     = -1
	setting <class 'ROOT.InputHandler'>.m_doEMFrac                     = False
	setting <class 'ROOT.InputHandler'>.m_doTriggerTruthResponse       = False
	setting <class 'ROOT.InputHandler'>.m_doKinematicsInBinsOfEta      = False
	setting <class 'ROOT.InputHandler'>.m_doDeltaPhi                   = False
	setting <class 'ROOT.InputHandler'>.m_doyStar                      = True
	setting <class 'ROOT.InputHandler'>.m_doHECFrac                    = False
	setting <class 'ROOT.InputHandler'>.m_TriggerName                  = STUDYALL; HLT_j25; HLT_j60; HLT_j175; HLT_j360; HLT_j0_1i2c200m8000TLA; HLT_j0_0i1c500m900TLA; L1_J100
	setting <class 'ROOT.InputHandler'>.m_useTriggerBeforePraescale    = False
	setting <class 'ROOT.InputHandler'>.m_doNthJetKinematics           = False
	setting <class 'ROOT.InputHandler'>.m_doMHTPhi                     = False
	setting <class 'ROOT.InputHandler'>.m_doCuts                       = True
	setting <class 'ROOT.InputHandler'>.m_doOfflineJetKinematics       = True
