[HTopMultilep-00-01-08-24-g02c6ead] xAH_run.py --files ../../filelists/TLA2015-Run281317.txt --inputList -f --config config_TLA.py --treeName outTree --submitDir hist-TLA2015-Run281317 --isMC direct
Code:  https://github.com/UCATLAS/xAODAnaHelpers/tree/02c6ead
Start: Mar 31 2016 17:49:22
Stop:  Mar 31 2016 17:50:02
Delta: 0:00:39.820229

job runner options
	input_filename                                      = ['../../filelists/TLA2015-Run281317.txt']
	submit_dir                                          = hist-TLA2015-Run281317
	num_events                                          = 0
	skip_events                                         = 0
	force_overwrite                                     = True
	use_inputFileList                                   = True
	use_scanDQ2                                         = False
	verbose                                             = 0
	driver                                              = direct
<class 'ROOT.InputHandler'> algorithm options
	setting <class 'ROOT.InputHandler'>.m_doTriggerJetKinematics       = True
	setting <class 'ROOT.InputHandler'>.m_debug                        = True
	setting <class 'ROOT.InputHandler'>.m_doPTBalance                  = True
	setting <class 'ROOT.InputHandler'>.m_doMjjResponseTrigVsTruth     = False
	setting <class 'ROOT.InputHandler'>.m_doEtainBinsOfPt              = False
	setting <class 'ROOT.InputHandler'>.m_checkLArError                = True
	setting <class 'ROOT.InputHandler'>.m_doCleaning                   = True
	setting <class 'ROOT.InputHandler'>.m_doMHT                        = True
	setting <class 'ROOT.InputHandler'>.m_name                         = MultijetAlgo
	setting <class 'ROOT.InputHandler'>.m_isData                       = True
	setting <class 'ROOT.InputHandler'>.m_doyStar                      = True
	setting <class 'ROOT.InputHandler'>.m_doLeadSubleadThirdJetKinematics = True
	setting <class 'ROOT.InputHandler'>.m_doTriggerTruthResponse       = False
	setting <class 'ROOT.InputHandler'>.m_doDeltaPhi                   = True
	setting <class 'ROOT.InputHandler'>.m_doFracSamplingMax            = True
	setting <class 'ROOT.InputHandler'>.m_TriggerName                  = HLT_j360; HLT_j260; HLT_j85; HLT_j60
	setting <class 'ROOT.InputHandler'>.m_doMHTPhi                     = True
	setting <class 'ROOT.InputHandler'>.m_doOfflineJetKinematics       = True
	setting <class 'ROOT.InputHandler'>.m_debugInExecute               = False
	setting <class 'ROOT.InputHandler'>.m_doOfflineTruthResponse       = False
	setting <class 'ROOT.InputHandler'>.m_doMjjResponseTrigVsOff       = False
	setting <class 'ROOT.InputHandler'>.m_doTruthJetKinematics         = False
	setting <class 'ROOT.InputHandler'>.m_doMjjResponseOffVsTruth      = False
	setting <class 'ROOT.InputHandler'>.m_doOnlyThisNumberOfEvents     = -1
	setting <class 'ROOT.InputHandler'>.m_doTriggerOfflineResponse     = False
	setting <class 'ROOT.InputHandler'>.m_doEMFrac                     = True
	setting <class 'ROOT.InputHandler'>.m_doKinematicsInBinsOfEta      = True
	setting <class 'ROOT.InputHandler'>.m_doHECFrac                    = True
	setting <class 'ROOT.InputHandler'>.m_doNthJetKinematics           = False
	setting <class 'ROOT.InputHandler'>.m_doCuts                       = True
